#! /usr/bin/vvp
:ivl_version "12.0 (stable)";
:ivl_delay_selection "TYPICAL";
:vpi_time_precision - 12;
:vpi_module "/usr/lib/x86_64-linux-gnu/ivl/system.vpi";
:vpi_module "/usr/lib/x86_64-linux-gnu/ivl/vhdl_sys.vpi";
:vpi_module "/usr/lib/x86_64-linux-gnu/ivl/vhdl_textio.vpi";
:vpi_module "/usr/lib/x86_64-linux-gnu/ivl/v2005_math.vpi";
:vpi_module "/usr/lib/x86_64-linux-gnu/ivl/va_math.vpi";
S_0x57ea014e2260 .scope module, "Displays_tb" "Displays_tb" 2 5;
 .timescale -9 -12;
v0x57ea01513010_0 .var "CLK_50", 0 0;
v0x57ea01513120_0 .net "SSeg", 0 6, v0x57ea01512030_0;  1 drivers
v0x57ea01513230_0 .net "an", 3 0, L_0x57ea01513430;  1 drivers
v0x57ea01513320_0 .var "in", 4 0;
S_0x57ea014f36d0 .scope module, "uut" "Displays" 2 13, 3 5 0, S_0x57ea014e2260;
 .timescale -9 -12;
    .port_info 0 /INPUT 1 "CLK_50";
    .port_info 1 /INPUT 5 "in";
    .port_info 2 /OUTPUT 7 "SSeg";
    .port_info 3 /OUTPUT 4 "an";
v0x57ea01512990_0 .net "Ani", 3 0, v0x57ea01511a00_0;  1 drivers
v0x57ea01512aa0_0 .net "CLK2", 0 0, v0x57ea015125d0_0;  1 drivers
v0x57ea01512bb0_0 .net "CLK_50", 0 0, v0x57ea01513010_0;  1 drivers
v0x57ea01512c50_0 .net "SSeg", 0 6, v0x57ea01512030_0;  alias, 1 drivers
v0x57ea01512d20_0 .net "an", 3 0, L_0x57ea01513430;  alias, 1 drivers
v0x57ea01512e10_0 .net "bcd", 3 0, v0x57ea014f8100_0;  1 drivers
v0x57ea01512f00_0 .net "in", 4 0, v0x57ea01513320_0;  1 drivers
S_0x57ea014f3920 .scope module, "B" "BCD" 3 20, 4 1 0, S_0x57ea014f36d0;
 .timescale -9 -12;
    .port_info 0 /INPUT 1 "CLK2";
    .port_info 1 /INPUT 5 "in";
    .port_info 2 /OUTPUT 4 "BCD";
    .port_info 3 /OUTPUT 4 "an_i";
v0x57ea014f8100_0 .var "BCD", 3 0;
v0x57ea01511870_0 .net "CLK2", 0 0, v0x57ea015125d0_0;  alias, 1 drivers
v0x57ea01511930_0 .var "algo", 0 0;
v0x57ea01511a00_0 .var "an_i", 3 0;
v0x57ea01511ae0_0 .net "in", 4 0, v0x57ea01513320_0;  alias, 1 drivers
E_0x57ea014f0300 .event posedge, v0x57ea01511870_0;
S_0x57ea01511c90 .scope module, "BtSeg" "BCDtoSSeg" 3 24, 5 1 0, S_0x57ea014f36d0;
 .timescale -9 -12;
    .port_info 0 /INPUT 4 "BCD";
    .port_info 1 /INPUT 4 "an_i";
    .port_info 2 /OUTPUT 7 "SSeg";
    .port_info 3 /OUTPUT 4 "an";
L_0x57ea01513430 .functor BUFZ 4, v0x57ea01511a00_0, C4<0000>, C4<0000>, C4<0000>;
v0x57ea01511f20_0 .net "BCD", 3 0, v0x57ea014f8100_0;  alias, 1 drivers
v0x57ea01512030_0 .var "SSeg", 0 6;
v0x57ea015120f0_0 .net "an", 3 0, L_0x57ea01513430;  alias, 1 drivers
v0x57ea015121e0_0 .net "an_i", 3 0, v0x57ea01511a00_0;  alias, 1 drivers
E_0x57ea014f12c0 .event anyedge, v0x57ea014f8100_0;
S_0x57ea01512360 .scope module, "CLK" "DivFreq" 3 16, 6 1 0, S_0x57ea014f36d0;
 .timescale -9 -12;
    .port_info 0 /INPUT 1 "CLK_50";
    .port_info 1 /INPUT 1 "rst";
    .port_info 2 /OUTPUT 1 "CLK2";
v0x57ea015125d0_0 .var "CLK2", 0 0;
v0x57ea015126c0_0 .net "CLK_50", 0 0, v0x57ea01513010_0;  alias, 1 drivers
v0x57ea01512760_0 .var "counter", 20 0;
o0x7767c20cd348 .functor BUFZ 1, C4<z>; HiZ drive
v0x57ea01512850_0 .net "rst", 0 0, o0x7767c20cd348;  0 drivers
E_0x57ea014f1040 .event posedge, v0x57ea015126c0_0;
    .scope S_0x57ea01512360;
T_0 ;
    %pushi/vec4 0, 0, 21;
    %store/vec4 v0x57ea01512760_0, 0, 21;
    %pushi/vec4 0, 0, 1;
    %store/vec4 v0x57ea015125d0_0, 0, 1;
    %end;
    .thread T_0;
    .scope S_0x57ea01512360;
T_1 ;
    %wait E_0x57ea014f1040;
    %load/vec4 v0x57ea01512760_0;
    %pad/u 32;
    %cmpi/e 1666668, 0, 32;
    %jmp/0xz  T_1.0, 4;
    %pushi/vec4 0, 0, 21;
    %store/vec4 v0x57ea01512760_0, 0, 21;
    %load/vec4 v0x57ea015125d0_0;
    %inv;
    %assign/vec4 v0x57ea015125d0_0, 0;
    %jmp T_1.1;
T_1.0 ;
    %load/vec4 v0x57ea01512760_0;
    %addi 1, 0, 21;
    %store/vec4 v0x57ea01512760_0, 0, 21;
T_1.1 ;
    %jmp T_1;
    .thread T_1;
    .scope S_0x57ea014f3920;
T_2 ;
    %pushi/vec4 0, 0, 1;
    %store/vec4 v0x57ea01511930_0, 0, 1;
    %pushi/vec4 0, 0, 4;
    %store/vec4 v0x57ea014f8100_0, 0, 4;
    %pushi/vec4 0, 0, 4;
    %store/vec4 v0x57ea01511a00_0, 0, 4;
    %end;
    .thread T_2;
    .scope S_0x57ea014f3920;
T_3 ;
    %wait E_0x57ea014f0300;
    %load/vec4 v0x57ea01511930_0;
    %dup/vec4;
    %pushi/vec4 0, 0, 1;
    %cmp/u;
    %jmp/1 T_3.0, 6;
    %dup/vec4;
    %pushi/vec4 1, 0, 1;
    %cmp/u;
    %jmp/1 T_3.1, 6;
    %jmp T_3.2;
T_3.0 ;
    %load/vec4 v0x57ea01511ae0_0;
    %pad/u 32;
    %pushi/vec4 10, 0, 32;
    %mod;
    %pad/u 4;
    %assign/vec4 v0x57ea014f8100_0, 0;
    %pushi/vec4 1, 0, 1;
    %assign/vec4 v0x57ea01511930_0, 0;
    %pushi/vec4 0, 0, 4;
    %assign/vec4 v0x57ea01511a00_0, 0;
    %jmp T_3.2;
T_3.1 ;
    %load/vec4 v0x57ea01511ae0_0;
    %pad/u 32;
    %load/vec4 v0x57ea01511ae0_0;
    %pad/u 32;
    %pushi/vec4 10, 0, 32;
    %mod;
    %sub;
    %pushi/vec4 10, 0, 32;
    %div;
    %pad/u 4;
    %assign/vec4 v0x57ea014f8100_0, 0;
    %pushi/vec4 0, 0, 1;
    %assign/vec4 v0x57ea01511930_0, 0;
    %pushi/vec4 1, 0, 4;
    %assign/vec4 v0x57ea01511a00_0, 0;
    %jmp T_3.2;
T_3.2 ;
    %pop/vec4 1;
    %jmp T_3;
    .thread T_3;
    .scope S_0x57ea01511c90;
T_4 ;
    %wait E_0x57ea014f12c0;
    %load/vec4 v0x57ea01511f20_0;
    %dup/vec4;
    %pushi/vec4 0, 0, 4;
    %cmp/u;
    %jmp/1 T_4.0, 6;
    %dup/vec4;
    %pushi/vec4 1, 0, 4;
    %cmp/u;
    %jmp/1 T_4.1, 6;
    %dup/vec4;
    %pushi/vec4 2, 0, 4;
    %cmp/u;
    %jmp/1 T_4.2, 6;
    %dup/vec4;
    %pushi/vec4 3, 0, 4;
    %cmp/u;
    %jmp/1 T_4.3, 6;
    %dup/vec4;
    %pushi/vec4 4, 0, 4;
    %cmp/u;
    %jmp/1 T_4.4, 6;
    %dup/vec4;
    %pushi/vec4 5, 0, 4;
    %cmp/u;
    %jmp/1 T_4.5, 6;
    %dup/vec4;
    %pushi/vec4 6, 0, 4;
    %cmp/u;
    %jmp/1 T_4.6, 6;
    %dup/vec4;
    %pushi/vec4 7, 0, 4;
    %cmp/u;
    %jmp/1 T_4.7, 6;
    %dup/vec4;
    %pushi/vec4 8, 0, 4;
    %cmp/u;
    %jmp/1 T_4.8, 6;
    %dup/vec4;
    %pushi/vec4 9, 0, 4;
    %cmp/u;
    %jmp/1 T_4.9, 6;
    %dup/vec4;
    %pushi/vec4 10, 0, 4;
    %cmp/u;
    %jmp/1 T_4.10, 6;
    %dup/vec4;
    %pushi/vec4 11, 0, 4;
    %cmp/u;
    %jmp/1 T_4.11, 6;
    %dup/vec4;
    %pushi/vec4 12, 0, 4;
    %cmp/u;
    %jmp/1 T_4.12, 6;
    %dup/vec4;
    %pushi/vec4 13, 0, 4;
    %cmp/u;
    %jmp/1 T_4.13, 6;
    %dup/vec4;
    %pushi/vec4 14, 0, 4;
    %cmp/u;
    %jmp/1 T_4.14, 6;
    %dup/vec4;
    %pushi/vec4 15, 0, 4;
    %cmp/u;
    %jmp/1 T_4.15, 6;
    %pushi/vec4 0, 0, 7;
    %store/vec4 v0x57ea01512030_0, 0, 7;
    %jmp T_4.17;
T_4.0 ;
    %pushi/vec4 1, 0, 7;
    %store/vec4 v0x57ea01512030_0, 0, 7;
    %jmp T_4.17;
T_4.1 ;
    %pushi/vec4 79, 0, 7;
    %store/vec4 v0x57ea01512030_0, 0, 7;
    %jmp T_4.17;
T_4.2 ;
    %pushi/vec4 18, 0, 7;
    %store/vec4 v0x57ea01512030_0, 0, 7;
    %jmp T_4.17;
T_4.3 ;
    %pushi/vec4 6, 0, 7;
    %store/vec4 v0x57ea01512030_0, 0, 7;
    %jmp T_4.17;
T_4.4 ;
    %pushi/vec4 76, 0, 7;
    %store/vec4 v0x57ea01512030_0, 0, 7;
    %jmp T_4.17;
T_4.5 ;
    %pushi/vec4 36, 0, 7;
    %store/vec4 v0x57ea01512030_0, 0, 7;
    %jmp T_4.17;
T_4.6 ;
    %pushi/vec4 32, 0, 7;
    %store/vec4 v0x57ea01512030_0, 0, 7;
    %jmp T_4.17;
T_4.7 ;
    %pushi/vec4 15, 0, 7;
    %store/vec4 v0x57ea01512030_0, 0, 7;
    %jmp T_4.17;
T_4.8 ;
    %pushi/vec4 0, 0, 7;
    %store/vec4 v0x57ea01512030_0, 0, 7;
    %jmp T_4.17;
T_4.9 ;
    %pushi/vec4 4, 0, 7;
    %store/vec4 v0x57ea01512030_0, 0, 7;
    %jmp T_4.17;
T_4.10 ;
    %pushi/vec4 8, 0, 7;
    %store/vec4 v0x57ea01512030_0, 0, 7;
    %jmp T_4.17;
T_4.11 ;
    %pushi/vec4 96, 0, 7;
    %store/vec4 v0x57ea01512030_0, 0, 7;
    %jmp T_4.17;
T_4.12 ;
    %pushi/vec4 49, 0, 7;
    %store/vec4 v0x57ea01512030_0, 0, 7;
    %jmp T_4.17;
T_4.13 ;
    %pushi/vec4 66, 0, 7;
    %store/vec4 v0x57ea01512030_0, 0, 7;
    %jmp T_4.17;
T_4.14 ;
    %pushi/vec4 48, 0, 7;
    %store/vec4 v0x57ea01512030_0, 0, 7;
    %jmp T_4.17;
T_4.15 ;
    %pushi/vec4 56, 0, 7;
    %store/vec4 v0x57ea01512030_0, 0, 7;
    %jmp T_4.17;
T_4.17 ;
    %pop/vec4 1;
    %jmp T_4;
    .thread T_4, $push;
    .scope S_0x57ea014e2260;
T_5 ;
    %delay 5000, 0;
    %load/vec4 v0x57ea01513010_0;
    %inv;
    %store/vec4 v0x57ea01513010_0, 0, 1;
    %jmp T_5;
    .thread T_5;
    .scope S_0x57ea014e2260;
T_6 ;
    %pushi/vec4 0, 0, 1;
    %store/vec4 v0x57ea01513010_0, 0, 1;
    %pushi/vec4 21, 0, 5;
    %store/vec4 v0x57ea01513320_0, 0, 5;
    %end;
    .thread T_6;
    .scope S_0x57ea014e2260;
T_7 ;
    %vpi_call 2 25 "$dumpfile", "Displays.vcd" {0 0 0};
    %vpi_call 2 26 "$dumpvars", 32'sb11111111111111111111111111111111, S_0x57ea014f36d0 {0 0 0};
    %delay 4100654080, 20;
    %vpi_call 2 27 "$finish" {0 0 0};
    %end;
    .thread T_7;
# The file index is used to find the file name in the following table.
:file_names 7;
    "N/A";
    "<interactive>";
    "src/Displays_tb.v";
    "./src/Displays.v";
    "./src/BCD.v";
    "./src/BCDtoSSeg.v";
    "./src/DivFreq.v";
